* using log directory ‘/Users/devder/Desktop/SNPfiltR/SNPfiltR.Rcheck’
* using R version 4.1.1 (2021-08-10)
* using platform: x86_64-apple-darwin17.0 (64-bit)
* using session charset: UTF-8
* checking for file ‘SNPfiltR/DESCRIPTION’ ... OK
* this is package ‘SNPfiltR’ version ‘0.0.0.9000’
* package encoding: UTF-8
* checking package namespace information ... OK
* checking package dependencies ... OK
* checking if this is a source package ... OK
* checking if there is a namespace ... OK
* checking for executable files ... OK
* checking for hidden files and directories ... OK
* checking for portable file names ... OK
* checking for sufficient/correct file permissions ... OK
* checking whether package ‘SNPfiltR’ can be installed ... OK
* checking installed package size ... OK
* checking package directory ... OK
* checking ‘build’ directory ... OK
* checking DESCRIPTION meta-information ... NOTE
License components which are templates and need '+ file LICENSE':
  MIT
* checking top-level files ... OK
* checking for left-over files ... OK
* checking index information ... OK
* checking package subdirectories ... OK
* checking R files for non-ASCII characters ... OK
* checking R files for syntax errors ... OK
* checking whether the package can be loaded ... OK
* checking whether the package can be loaded with stated dependencies ... OK
* checking whether the package can be unloaded cleanly ... OK
* checking whether the namespace can be loaded with stated dependencies ... OK
* checking whether the namespace can be unloaded cleanly ... OK
* checking dependencies in R code ... OK
* checking S3 generic/method consistency ... OK
* checking replacement functions ... OK
* checking foreign function calls ... OK
* checking R code for possible problems ... NOTE
assess_missing_data_pca: no visible binding for global variable ‘PC1’
assess_missing_data_pca: no visible binding for global variable ‘PC2’
assess_missing_data_pca: no visible binding for global variable ‘pop’
assess_missing_data_tsne: no visible binding for global variable ‘V1’
assess_missing_data_tsne: no visible binding for global variable ‘V2’
assess_missing_data_tsne: no visible binding for global variable ‘pop’
distance_thin: no visible global function definition for
  ‘txtProgressBar’
distance_thin: no visible global function definition for
  ‘setTxtProgressBar’
filter_allele_balance: no visible global function definition for ‘hist’
filter_allele_balance: no visible global function definition for
  ‘abline’
filter_biallelic: no visible global function definition for ‘hist’
filter_biallelic: no visible global function definition for ‘abline’
hard_filter: no visible global function definition for ‘hist’
hard_filter: no visible global function definition for ‘abline’
hard_filter: no visible global function definition for ‘par’
max_depth: no visible global function definition for ‘par’
max_depth: no visible global function definition for ‘hist’
max_depth: no visible global function definition for ‘abline’
min_mac: no visible global function definition for ‘hist’
min_mac: no visible global function definition for ‘abline’
missing_by_sample: no visible global function definition for ‘reorder’
missing_by_sample: no visible binding for global variable ‘pop’
missing_by_sample: no visible binding for global variable ‘missingness’
missing_by_sample: no visible global function definition for ‘dotchart’
missing_by_sample: no visible global function definition for ‘abline’
missing_by_snp: no visible binding for global variable ‘dp’
Undefined global functions or variables:
  PC1 PC2 V1 V2 abline dotchart dp hist missingness par pop reorder
  setTxtProgressBar txtProgressBar
Consider adding
  importFrom("graphics", "abline", "dotchart", "hist", "par")
  importFrom("stats", "reorder")
  importFrom("utils", "setTxtProgressBar", "txtProgressBar")
to your NAMESPACE file.
* checking Rd files ... OK
* checking Rd metadata ... OK
* checking Rd cross-references ... OK
* checking for missing documentation entries ... OK
* checking for code/documentation mismatches ... OK
* checking Rd \usage sections ... OK
* checking Rd contents ... OK
* checking for unstated dependencies in examples ... OK
* checking contents of ‘data’ directory ... OK
* checking data for non-ASCII characters ... OK
* checking LazyData ... OK
* checking data for ASCII and uncompressed saves ... OK
* checking installed files from ‘inst/doc’ ... OK
* checking files in ‘vignettes’ ... OK
* checking examples ... OK
* checking for unstated dependencies in vignettes ... OK
* checking package vignettes in ‘inst/doc’ ... OK
* checking running R code from vignettes ... NONE
  ‘reproducible-vignette.Rmd’ using ‘UTF-8’... OK
* checking re-building of vignette outputs ... OK
* checking PDF version of manual ... OK
* DONE
Status: 2 NOTEs
